1576014943585	mozrunner::runner	INFO	Running command: "/usr/bin/firefox" "-marionette" "-foreground" "-no-remote" "-profile" "/tmp/rust_mozprofilerDUd9X"
1576014943931	addons.webextension.screenshots@mozilla.org	WARN	Loading extension 'screenshots@mozilla.org': Reading manifest: Invalid extension permission: mozillaAddons
1576014943931	addons.webextension.screenshots@mozilla.org	WARN	Loading extension 'screenshots@mozilla.org': Reading manifest: Invalid extension permission: telemetry
1576014943931	addons.webextension.screenshots@mozilla.org	WARN	Loading extension 'screenshots@mozilla.org': Reading manifest: Invalid extension permission: resource://pdf.js/
1576014943931	addons.webextension.screenshots@mozilla.org	WARN	Loading extension 'screenshots@mozilla.org': Reading manifest: Invalid extension permission: about:reader*
1576014945221	Marionette	INFO	Listening on port 39883
1576014945289	Marionette	WARN	TLS certificate errors will be ignored for this session
1576014950964	Marionette	INFO	Stopped listening on port 39883
1576015282865	mozrunner::runner	INFO	Running command: "/usr/bin/firefox" "-marionette" "-foreground" "-no-remote" "-profile" "/tmp/rust_mozprofileyA3ogj"
1576015283221	addons.webextension.screenshots@mozilla.org	WARN	Loading extension 'screenshots@mozilla.org': Reading manifest: Invalid extension permission: mozillaAddons
1576015283221	addons.webextension.screenshots@mozilla.org	WARN	Loading extension 'screenshots@mozilla.org': Reading manifest: Invalid extension permission: telemetry
1576015283221	addons.webextension.screenshots@mozilla.org	WARN	Loading extension 'screenshots@mozilla.org': Reading manifest: Invalid extension permission: resource://pdf.js/
1576015283221	addons.webextension.screenshots@mozilla.org	WARN	Loading extension 'screenshots@mozilla.org': Reading manifest: Invalid extension permission: about:reader*
1576015284417	Marionette	INFO	Listening on port 37313
1576015284470	Marionette	WARN	TLS certificate errors will be ignored for this session
Exiting due to channel error.
Exiting due to channel error.
Exiting due to channel error.
1576015308569	mozrunner::runner	INFO	Running command: "/usr/bin/firefox" "-marionette" "-foreground" "-no-remote" "-profile" "/tmp/rust_mozprofile0s485o"
1576015308919	addons.webextension.screenshots@mozilla.org	WARN	Loading extension 'screenshots@mozilla.org': Reading manifest: Invalid extension permission: mozillaAddons
1576015308920	addons.webextension.screenshots@mozilla.org	WARN	Loading extension 'screenshots@mozilla.org': Reading manifest: Invalid extension permission: telemetry
1576015308920	addons.webextension.screenshots@mozilla.org	WARN	Loading extension 'screenshots@mozilla.org': Reading manifest: Invalid extension permission: resource://pdf.js/
1576015308920	addons.webextension.screenshots@mozilla.org	WARN	Loading extension 'screenshots@mozilla.org': Reading manifest: Invalid extension permission: about:reader*
1576015310212	Marionette	INFO	Listening on port 39345
1576015310274	Marionette	WARN	TLS certificate errors will be ignored for this session
Exiting due to channel error.
Exiting due to channel error.
Exiting due to channel error.
1576015757121	mozrunner::runner	INFO	Running command: "/usr/bin/firefox" "-marionette" "user-agent={\'appCodeName\': \'Mozilla\', \'appName\': \'Netscape\', \'appVersion\': \'5.0 (Macintosh)\', \'platform\': \'MacIntel\', \'userAgent\': \'Mozilla/5.0 (Macintosh; Intel Mac OS X 10.8; rv:47.0) Gecko/20100101 Firefox/47.0\', \'oscpu\': \'Intel Mac OS X 10.8\', \'product\': \'Gecko\', \'productSub\': \'20100101\', \'vendor\': \'\', \'vendorSub\': \'\', \'buildID\': \'20160608182634\'}" "-foreground" "-no-remote" "-profile" "/tmp/rust_mozprofile7JAPiB"
1576015757484	addons.webextension.screenshots@mozilla.org	WARN	Loading extension 'screenshots@mozilla.org': Reading manifest: Invalid extension permission: mozillaAddons
1576015757484	addons.webextension.screenshots@mozilla.org	WARN	Loading extension 'screenshots@mozilla.org': Reading manifest: Invalid extension permission: telemetry
1576015757484	addons.webextension.screenshots@mozilla.org	WARN	Loading extension 'screenshots@mozilla.org': Reading manifest: Invalid extension permission: resource://pdf.js/
1576015757484	addons.webextension.screenshots@mozilla.org	WARN	Loading extension 'screenshots@mozilla.org': Reading manifest: Invalid extension permission: about:reader*
JavaScript error: chrome://browser/content/aboutNetError.js, line 272: ReferenceError: RPMGetFormatURLPref is not defined
1576015758847	Marionette	INFO	Listening on port 34659
1576015758926	Marionette	WARN	TLS certificate errors will be ignored for this session
Exiting due to channel error.
Exiting due to channel error.
Exiting due to channel error.
1576015817870	mozrunner::runner	INFO	Running command: "/usr/bin/firefox" "-marionette" "user-agent={\'appCodeName\': \'Mozilla\', \'appName\': \'Netscape\', \'appVersion\': \'5.0 (X11; Ubuntu; Linux i686 on x86_64) AppleWebKit/537.36 (KHTML, like Gecko) Chrome/51.0.2707.67 Safari/537.36\', \'platform\': \'X11; Ubuntu; Linux i686 on x86_64\', \'userAgent\': \'Mozilla/5.0 (X11; Ubuntu; Linux i686 on x86_64) AppleWebKit/537.36 (KHTML, like Gecko) Chrome/51.0.2707.67 Safari/537.36\', \'oscpu\': \'Linux i686 on x86_64\', \'product\': \'Gecko\', \'productSub\': \'20030107\', \'vendor\': \'Google Inc.\', \'vendorSub\': \'\', \'buildID\': None}" "-foreground" "-no-remote" "-profile" "/tmp/rust_mozprofilek09Mbp"
1576015818198	addons.webextension.screenshots@mozilla.org	WARN	Loading extension 'screenshots@mozilla.org': Reading manifest: Invalid extension permission: mozillaAddons
1576015818198	addons.webextension.screenshots@mozilla.org	WARN	Loading extension 'screenshots@mozilla.org': Reading manifest: Invalid extension permission: telemetry
1576015818198	addons.webextension.screenshots@mozilla.org	WARN	Loading extension 'screenshots@mozilla.org': Reading manifest: Invalid extension permission: resource://pdf.js/
1576015818198	addons.webextension.screenshots@mozilla.org	WARN	Loading extension 'screenshots@mozilla.org': Reading manifest: Invalid extension permission: about:reader*
JavaScript error: chrome://browser/content/aboutNetError.js, line 272: ReferenceError: RPMGetFormatURLPref is not defined
1576015819775	Marionette	INFO	Listening on port 41399
1576015819879	Marionette	WARN	TLS certificate errors will be ignored for this session
Exiting due to channel error.
Exiting due to channel error.
Exiting due to channel error.
1576015894671	mozrunner::runner	INFO	Running command: "/usr/bin/firefox" "-marionette" "user-agent={\'appCodeName\': \'Mozilla\', \'appName\': \'Netscape\', \'appVersion\': \'5.0 (X11)\', \'platform\': \'X11; Linux i686\', \'userAgent\': \'Mozilla/5.0 (X11; Linux i686; rv:51.0) Gecko/20100101 Firefox/51.0\', \'oscpu\': \'Linux i686\', \'product\': \'Gecko\', \'productSub\': \'20100101\', \'vendor\': \'\', \'vendorSub\': \'\', \'buildID\': \'20170124214428\'}" "-foreground" "-no-remote" "-profile" "/tmp/rust_mozprofileV3PEAC"
1576015895039	addons.webextension.screenshots@mozilla.org	WARN	Loading extension 'screenshots@mozilla.org': Reading manifest: Invalid extension permission: mozillaAddons
1576015895039	addons.webextension.screenshots@mozilla.org	WARN	Loading extension 'screenshots@mozilla.org': Reading manifest: Invalid extension permission: telemetry
1576015895039	addons.webextension.screenshots@mozilla.org	WARN	Loading extension 'screenshots@mozilla.org': Reading manifest: Invalid extension permission: resource://pdf.js/
1576015895039	addons.webextension.screenshots@mozilla.org	WARN	Loading extension 'screenshots@mozilla.org': Reading manifest: Invalid extension permission: about:reader*
JavaScript error: chrome://browser/content/aboutNetError.js, line 272: ReferenceError: RPMGetFormatURLPref is not defined
1576015896302	Marionette	INFO	Listening on port 35963
1576015896375	Marionette	WARN	TLS certificate errors will be ignored for this session
1576015903309	Marionette	INFO	Stopped listening on port 35963
1576016292654	mozrunner::runner	INFO	Running command: "/usr/bin/firefox" "-marionette" "user-agent={\'appCodeName\': \'Mozilla\', \'appName\': \'Netscape\', \'appVersion\': \'5.0 (X11)\', \'platform\': \'X11; Linux i686\', \'userAgent\': \'Mozilla/5.0 (X11; Linux i686; rv:50.0) Gecko/20100101 Firefox/50.0\', \'oscpu\': \'Linux i686\', \'product\': \'Gecko\', \'productSub\': \'20100101\', \'vendor\': \'\', \'vendorSub\': \'\', \'buildID\': \'20161210134841\'}" "-foreground" "-no-remote" "-profile" "/tmp/rust_mozprofile0UENXf"
1576016292999	addons.webextension.screenshots@mozilla.org	WARN	Loading extension 'screenshots@mozilla.org': Reading manifest: Invalid extension permission: mozillaAddons
1576016292999	addons.webextension.screenshots@mozilla.org	WARN	Loading extension 'screenshots@mozilla.org': Reading manifest: Invalid extension permission: telemetry
1576016292999	addons.webextension.screenshots@mozilla.org	WARN	Loading extension 'screenshots@mozilla.org': Reading manifest: Invalid extension permission: resource://pdf.js/
1576016292999	addons.webextension.screenshots@mozilla.org	WARN	Loading extension 'screenshots@mozilla.org': Reading manifest: Invalid extension permission: about:reader*
JavaScript error: chrome://browser/content/aboutNetError.js, line 272: ReferenceError: RPMGetFormatURLPref is not defined
1576016294329	Marionette	INFO	Listening on port 41825
1576016294362	Marionette	WARN	TLS certificate errors will be ignored for this session
1576016300857	Marionette	INFO	Stopped listening on port 41825
1576018956763	mozrunner::runner	INFO	Running command: "/usr/bin/firefox" "-marionette" "user-agent={\'appCodeName\': \'Mozilla\', \'appName\': \'Netscape\', \'appVersion\': \'5.0 (X11; Linux i686) AppleWebKit/537.36 (KHTML, like Gecko) Chrome/55.0.2918.43 Safari/537.36\', \'platform\': \'X11; Linux i686\', \'userAgent\': \'Mozilla/5.0 (X11; Linux i686) AppleWebKit/537.36 (KHTML, like Gecko) Chrome/55.0.2918.43 Safari/537.36\', \'oscpu\': \'Linux i686\', \'product\': \'Gecko\', \'productSub\': \'20030107\', \'vendor\': \'Google Inc.\', \'vendorSub\': \'\', \'buildID\': None}" "-foreground" "-no-remote" "-profile" "/tmp/rust_mozprofileGeT4GO"
1576018957145	addons.webextension.screenshots@mozilla.org	WARN	Loading extension 'screenshots@mozilla.org': Reading manifest: Invalid extension permission: mozillaAddons
1576018957145	addons.webextension.screenshots@mozilla.org	WARN	Loading extension 'screenshots@mozilla.org': Reading manifest: Invalid extension permission: telemetry
1576018957145	addons.webextension.screenshots@mozilla.org	WARN	Loading extension 'screenshots@mozilla.org': Reading manifest: Invalid extension permission: resource://pdf.js/
1576018957145	addons.webextension.screenshots@mozilla.org	WARN	Loading extension 'screenshots@mozilla.org': Reading manifest: Invalid extension permission: about:reader*
JavaScript error: chrome://browser/content/aboutNetError.js, line 272: ReferenceError: RPMGetFormatURLPref is not defined
1576018958521	Marionette	INFO	Listening on port 35435
1576018958568	Marionette	WARN	TLS certificate errors will be ignored for this session
Exiting due to channel error.
Exiting due to channel error.
Exiting due to channel error.
1576019008320	mozrunner::runner	INFO	Running command: "/usr/bin/firefox" "-marionette" "user-agent={\'appCodeName\': \'Mozilla\', \'appName\': \'Netscape\', \'appVersion\': \'5.0 (X11; Ubuntu; Linux i686) AppleWebKit/537.36 (KHTML, like Gecko) Chrome/54.0.2869.4 Safari/537.36\', \'platform\': \'X11; Ubuntu; Linux i686\', \'userAgent\': \'Mozilla/5.0 (X11; Ubuntu; Linux i686) AppleWebKit/537.36 (KHTML, like Gecko) Chrome/54.0.2869.4 Safari/537.36\', \'oscpu\': \'Linux i686\', \'product\': \'Gecko\', \'productSub\': \'20030107\', \'vendor\': \'Google Inc.\', \'vendorSub\': \'\', \'buildID\': None}" "-foreground" "-no-remote" "-profile" "/tmp/rust_mozprofileSKl9RP"
1576019008667	addons.webextension.screenshots@mozilla.org	WARN	Loading extension 'screenshots@mozilla.org': Reading manifest: Invalid extension permission: mozillaAddons
1576019008667	addons.webextension.screenshots@mozilla.org	WARN	Loading extension 'screenshots@mozilla.org': Reading manifest: Invalid extension permission: telemetry
1576019008667	addons.webextension.screenshots@mozilla.org	WARN	Loading extension 'screenshots@mozilla.org': Reading manifest: Invalid extension permission: resource://pdf.js/
1576019008667	addons.webextension.screenshots@mozilla.org	WARN	Loading extension 'screenshots@mozilla.org': Reading manifest: Invalid extension permission: about:reader*
JavaScript error: chrome://browser/content/aboutNetError.js, line 272: ReferenceError: RPMGetFormatURLPref is not defined
1576019010047	Marionette	INFO	Listening on port 43867
1576019010126	Marionette	WARN	TLS certificate errors will be ignored for this session
Exiting due to channel error.
Exiting due to channel error.
Exiting due to channel error.
1576019081915	mozrunner::runner	INFO	Running command: "/usr/bin/firefox" "-marionette" "user-agent={\'appCodeName\': \'Mozilla\', \'appName\': \'Netscape\', \'appVersion\': \'5.0 (X11)\', \'platform\': \'X11; Linux i686 on x86_64\', \'userAgent\': \'Mozilla/5.0 (X11; Linux i686 on x86_64; rv:46.0) Gecko/20100101 Firefox/46.0\', \'oscpu\': \'Linux i686 on x86_64\', \'product\': \'Gecko\', \'productSub\': \'20100101\', \'vendor\': \'\', \'vendorSub\': \'\', \'buildID\': \'20160509013653\'}" "-foreground" "-no-remote" "-profile" "/tmp/rust_mozprofilesu5AQl"
1576019082272	addons.webextension.screenshots@mozilla.org	WARN	Loading extension 'screenshots@mozilla.org': Reading manifest: Invalid extension permission: mozillaAddons
1576019082273	addons.webextension.screenshots@mozilla.org	WARN	Loading extension 'screenshots@mozilla.org': Reading manifest: Invalid extension permission: telemetry
1576019082273	addons.webextension.screenshots@mozilla.org	WARN	Loading extension 'screenshots@mozilla.org': Reading manifest: Invalid extension permission: resource://pdf.js/
1576019082273	addons.webextension.screenshots@mozilla.org	WARN	Loading extension 'screenshots@mozilla.org': Reading manifest: Invalid extension permission: about:reader*
JavaScript error: chrome://browser/content/aboutNetError.js, line 272: ReferenceError: RPMGetFormatURLPref is not defined
1576019083628	Marionette	INFO	Listening on port 35457
1576019083721	Marionette	WARN	TLS certificate errors will be ignored for this session
Handler function threw an exception: TypeError: timings.REQUEST_HEADER is undefined
Stack: _setupHarTimings@resource://devtools/server/actors/network-monitor/network-observer.js:1078:1
_onTransactionClose@resource://devtools/server/actors/network-monitor/network-observer.js:1005:25
_dispatchActivity@resource://devtools/server/actors/network-monitor/network-observer.js:529:14
NetworkObserver.prototype.observeActivity<@resource://devtools/server/actors/network-monitor/network-observer.js:607:12
exports.makeInfallible/<@resource://devtools/shared/ThreadSafeDevToolsUtils.js:111:22
Line: 1078, column: 1
console.error: (new TypeError("timings.REQUEST_HEADER is undefined", "resource://devtools/server/actors/network-monitor/network-observer.js", 1078))
Handler function threw an exception: TypeError: timings.REQUEST_HEADER is undefined
Stack: _setupHarTimings@resource://devtools/server/actors/network-monitor/network-observer.js:1078:1
_onTransactionClose@resource://devtools/server/actors/network-monitor/network-observer.js:1005:25
_dispatchActivity@resource://devtools/server/actors/network-monitor/network-observer.js:529:14
NetworkObserver.prototype.observeActivity<@resource://devtools/server/actors/network-monitor/network-observer.js:607:12
exports.makeInfallible/<@resource://devtools/shared/ThreadSafeDevToolsUtils.js:111:22
Line: 1078, column: 1
console.error: (new TypeError("timings.REQUEST_HEADER is undefined", "resource://devtools/server/actors/network-monitor/network-observer.js", 1078))
[Parent 5022, Gecko_IOThread] WARNING: pipe error (75): Die Verbindung wurde vom Kommunikationspartner zurückgesetzt: file /build/firefox-AWfb_V/firefox-71.0+build5/ipc/chromium/src/chrome/common/ipc_channel_posix.cc, line 358
1576019136773	Marionette	INFO	Stopped listening on port 35457
1576019138831	mozrunner::runner	INFO	Running command: "/usr/bin/firefox" "-marionette" "user-agent={\'appCodeName\': \'Mozilla\', \'appName\': \'Netscape\', \'appVersion\': \'5.0 (X11; Ubuntu; Linux i686 on x86_64) AppleWebKit/537.36 (KHTML, like Gecko) Chrome/51.0.2732.2 Safari/537.36\', \'platform\': \'X11; Ubuntu; Linux i686 on x86_64\', \'userAgent\': \'Mozilla/5.0 (X11; Ubuntu; Linux i686 on x86_64) AppleWebKit/537.36 (KHTML, like Gecko) Chrome/51.0.2732.2 Safari/537.36\', \'oscpu\': \'Linux i686 on x86_64\', \'product\': \'Gecko\', \'productSub\': \'20030107\', \'vendor\': \'Google Inc.\', \'vendorSub\': \'\', \'buildID\': None}" "-foreground" "-no-remote" "-profile" "/tmp/rust_mozprofile772Hp3"
1576019139187	addons.webextension.screenshots@mozilla.org	WARN	Loading extension 'screenshots@mozilla.org': Reading manifest: Invalid extension permission: mozillaAddons
1576019139187	addons.webextension.screenshots@mozilla.org	WARN	Loading extension 'screenshots@mozilla.org': Reading manifest: Invalid extension permission: telemetry
1576019139187	addons.webextension.screenshots@mozilla.org	WARN	Loading extension 'screenshots@mozilla.org': Reading manifest: Invalid extension permission: resource://pdf.js/
1576019139187	addons.webextension.screenshots@mozilla.org	WARN	Loading extension 'screenshots@mozilla.org': Reading manifest: Invalid extension permission: about:reader*
JavaScript error: chrome://browser/content/aboutNetError.js, line 272: ReferenceError: RPMGetFormatURLPref is not defined
1576019140604	Marionette	INFO	Listening on port 38321
1576019140636	Marionette	WARN	TLS certificate errors will be ignored for this session
1576019146827	Marionette	INFO	Stopped listening on port 38321
1576019189011	mozrunner::runner	INFO	Running command: "/usr/bin/firefox" "-marionette" "user-agent={\'appCodeName\': \'Mozilla\', \'appName\': \'Netscape\', \'appVersion\': \'5.0 (X11; Ubuntu; Linux i686 on x86_64) AppleWebKit/537.36 (KHTML, like Gecko) Chrome/54.0.2881.31 Safari/537.36\', \'platform\': \'X11; Ubuntu; Linux i686 on x86_64\', \'userAgent\': \'Mozilla/5.0 (X11; Ubuntu; Linux i686 on x86_64) AppleWebKit/537.36 (KHTML, like Gecko) Chrome/54.0.2881.31 Safari/537.36\', \'oscpu\': \'Linux i686 on x86_64\', \'product\': \'Gecko\', \'productSub\': \'20030107\', \'vendor\': \'Google Inc.\', \'vendorSub\': \'\', \'buildID\': None}" "-foreground" "-no-remote" "-profile" "/tmp/rust_mozprofilefnIuA6"
1576019189391	addons.webextension.screenshots@mozilla.org	WARN	Loading extension 'screenshots@mozilla.org': Reading manifest: Invalid extension permission: mozillaAddons
1576019189392	addons.webextension.screenshots@mozilla.org	WARN	Loading extension 'screenshots@mozilla.org': Reading manifest: Invalid extension permission: telemetry
1576019189392	addons.webextension.screenshots@mozilla.org	WARN	Loading extension 'screenshots@mozilla.org': Reading manifest: Invalid extension permission: resource://pdf.js/
1576019189392	addons.webextension.screenshots@mozilla.org	WARN	Loading extension 'screenshots@mozilla.org': Reading manifest: Invalid extension permission: about:reader*
JavaScript error: chrome://browser/content/aboutNetError.js, line 272: ReferenceError: RPMGetFormatURLPref is not defined
1576019190720	Marionette	INFO	Listening on port 40747
1576019190816	Marionette	WARN	TLS certificate errors will be ignored for this session
1576019196539	Marionette	INFO	Stopped listening on port 40747
1576019222921	mozrunner::runner	INFO	Running command: "/usr/bin/firefox" "-marionette" "user-agent={\'appCodeName\': \'Mozilla\', \'appName\': \'Netscape\', \'appVersion\': \'5.0 (Macintosh)\', \'platform\': \'MacIntel\', \'userAgent\': \'Mozilla/5.0 (Macintosh; Intel Mac OS X 10.12; rv:48.0) Gecko/20100101 Firefox/48.0\', \'oscpu\': \'Intel Mac OS X 10.12\', \'product\': \'Gecko\', \'productSub\': \'20100101\', \'vendor\': \'\', \'vendorSub\': \'\', \'buildID\': \'20160817043348\'}" "-foreground" "-no-remote" "-profile" "/tmp/rust_mozprofile1amgNI"
1576019223295	addons.webextension.screenshots@mozilla.org	WARN	Loading extension 'screenshots@mozilla.org': Reading manifest: Invalid extension permission: mozillaAddons
1576019223295	addons.webextension.screenshots@mozilla.org	WARN	Loading extension 'screenshots@mozilla.org': Reading manifest: Invalid extension permission: telemetry
1576019223295	addons.webextension.screenshots@mozilla.org	WARN	Loading extension 'screenshots@mozilla.org': Reading manifest: Invalid extension permission: resource://pdf.js/
1576019223295	addons.webextension.screenshots@mozilla.org	WARN	Loading extension 'screenshots@mozilla.org': Reading manifest: Invalid extension permission: about:reader*
JavaScript error: chrome://browser/content/aboutNetError.js, line 272: ReferenceError: RPMGetFormatURLPref is not defined
1576019224599	Marionette	INFO	Listening on port 46271
1576019224625	Marionette	WARN	TLS certificate errors will be ignored for this session
1576019231092	Marionette	INFO	Stopped listening on port 46271
1576019255760	mozrunner::runner	INFO	Running command: "/usr/bin/firefox" "-marionette" "user-agent={\'appCodeName\': \'Mozilla\', \'appName\': \'Netscape\', \'appVersion\': \'5.0 (Macintosh; Intel Mac OS X 10_9_2) AppleWebKit/537.36 (KHTML, like Gecko) Chrome/49.0.2648.37 Safari/537.36\', \'platform\': \'MacIntel\', \'userAgent\': \'Mozilla/5.0 (Macintosh; Intel Mac OS X 10_9_2) AppleWebKit/537.36 (KHTML, like Gecko) Chrome/49.0.2648.37 Safari/537.36\', \'oscpu\': \'Intel Mac OS X 10_9_2\', \'product\': \'Gecko\', \'productSub\': \'20030107\', \'vendor\': \'Google Inc.\', \'vendorSub\': \'\', \'buildID\': None}" "-foreground" "-no-remote" "-profile" "/tmp/rust_mozprofileP041Rw"
1576019256152	addons.webextension.screenshots@mozilla.org	WARN	Loading extension 'screenshots@mozilla.org': Reading manifest: Invalid extension permission: mozillaAddons
1576019256152	addons.webextension.screenshots@mozilla.org	WARN	Loading extension 'screenshots@mozilla.org': Reading manifest: Invalid extension permission: telemetry
1576019256152	addons.webextension.screenshots@mozilla.org	WARN	Loading extension 'screenshots@mozilla.org': Reading manifest: Invalid extension permission: resource://pdf.js/
1576019256152	addons.webextension.screenshots@mozilla.org	WARN	Loading extension 'screenshots@mozilla.org': Reading manifest: Invalid extension permission: about:reader*
JavaScript error: chrome://browser/content/aboutNetError.js, line 272: ReferenceError: RPMGetFormatURLPref is not defined
1576019257513	Marionette	INFO	Listening on port 41795
1576019257565	Marionette	WARN	TLS certificate errors will be ignored for this session
1576019312515	mozrunner::runner	INFO	Running command: "/usr/bin/firefox" "-marionette" "user-agent={\'appCodeName\': \'Mozilla\', \'appName\': \'Netscape\', \'appVersion\': \'5.0 (Macintosh)\', \'platform\': \'MacIntel\', \'userAgent\': \'Mozilla/5.0 (Macintosh; Intel Mac OS X 10.11; rv:49.0) Gecko/20100101 Firefox/49.0\', \'oscpu\': \'Intel Mac OS X 10.11\', \'product\': \'Gecko\', \'productSub\': \'20100101\', \'vendor\': \'\', \'vendorSub\': \'\', \'buildID\': \'20161111044521\'}" "-foreground" "-no-remote" "-profile" "/tmp/rust_mozprofileHlWijL"
1576019312899	addons.webextension.screenshots@mozilla.org	WARN	Loading extension 'screenshots@mozilla.org': Reading manifest: Invalid extension permission: mozillaAddons
1576019312899	addons.webextension.screenshots@mozilla.org	WARN	Loading extension 'screenshots@mozilla.org': Reading manifest: Invalid extension permission: telemetry
1576019312899	addons.webextension.screenshots@mozilla.org	WARN	Loading extension 'screenshots@mozilla.org': Reading manifest: Invalid extension permission: resource://pdf.js/
1576019312899	addons.webextension.screenshots@mozilla.org	WARN	Loading extension 'screenshots@mozilla.org': Reading manifest: Invalid extension permission: about:reader*
JavaScript error: chrome://browser/content/aboutNetError.js, line 272: ReferenceError: RPMGetFormatURLPref is not defined
1576019314264	Marionette	INFO	Listening on port 37067
1576019314320	Marionette	WARN	TLS certificate errors will be ignored for this session
1576019352048	mozrunner::runner	INFO	Running command: "/usr/bin/firefox" "-marionette" "user-agent={\'appCodeName\': \'Mozilla\', \'appName\': \'Netscape\', \'appVersion\': \'5.0 (Macintosh)\', \'platform\': \'MacIntel\', \'userAgent\': \'Mozilla/5.0 (Macintosh; Intel Mac OS X 10.8; rv:48.0) Gecko/20100101 Firefox/48.0\', \'oscpu\': \'Intel Mac OS X 10.8\', \'product\': \'Gecko\', \'productSub\': \'20100101\', \'vendor\': \'\', \'vendorSub\': \'\', \'buildID\': \'20160826072442\'}" "-foreground" "-no-remote" "-profile" "/tmp/rust_mozprofile03LaJI"
1576019352427	addons.webextension.screenshots@mozilla.org	WARN	Loading extension 'screenshots@mozilla.org': Reading manifest: Invalid extension permission: mozillaAddons
1576019352427	addons.webextension.screenshots@mozilla.org	WARN	Loading extension 'screenshots@mozilla.org': Reading manifest: Invalid extension permission: telemetry
1576019352428	addons.webextension.screenshots@mozilla.org	WARN	Loading extension 'screenshots@mozilla.org': Reading manifest: Invalid extension permission: resource://pdf.js/
1576019352428	addons.webextension.screenshots@mozilla.org	WARN	Loading extension 'screenshots@mozilla.org': Reading manifest: Invalid extension permission: about:reader*
JavaScript error: chrome://browser/content/aboutNetError.js, line 272: ReferenceError: RPMGetFormatURLPref is not defined
1576019353769	Marionette	INFO	Listening on port 39449
1576019353854	Marionette	WARN	TLS certificate errors will be ignored for this session
Exiting due to channel error.
Exiting due to channel error.
Exiting due to channel error.
1576019483343	mozrunner::runner	INFO	Running command: "/usr/bin/firefox" "-marionette" "user-agent={\'appCodeName\': \'Mozilla\', \'appName\': \'Netscape\', \'appVersion\': \'5.0 (X11; Linux i686 on x86_64) AppleWebKit/537.36 (KHTML, like Gecko) Chrome/56.0.2984.60 Safari/537.36\', \'platform\': \'X11; Linux i686 on x86_64\', \'userAgent\': \'Mozilla/5.0 (X11; Linux i686 on x86_64) AppleWebKit/537.36 (KHTML, like Gecko) Chrome/56.0.2984.60 Safari/537.36\', \'oscpu\': \'Linux i686 on x86_64\', \'product\': \'Gecko\', \'productSub\': \'20030107\', \'vendor\': \'Google Inc.\', \'vendorSub\': \'\', \'buildID\': None}" "-foreground" "-no-remote" "-profile" "/tmp/rust_mozprofileGW9usO"
1576019483706	addons.webextension.screenshots@mozilla.org	WARN	Loading extension 'screenshots@mozilla.org': Reading manifest: Invalid extension permission: mozillaAddons
1576019483706	addons.webextension.screenshots@mozilla.org	WARN	Loading extension 'screenshots@mozilla.org': Reading manifest: Invalid extension permission: telemetry
1576019483706	addons.webextension.screenshots@mozilla.org	WARN	Loading extension 'screenshots@mozilla.org': Reading manifest: Invalid extension permission: resource://pdf.js/
1576019483706	addons.webextension.screenshots@mozilla.org	WARN	Loading extension 'screenshots@mozilla.org': Reading manifest: Invalid extension permission: about:reader*
JavaScript error: chrome://browser/content/aboutNetError.js, line 272: ReferenceError: RPMGetFormatURLPref is not defined
1576019485213	Marionette	INFO	Listening on port 34381
1576019485248	Marionette	WARN	TLS certificate errors will be ignored for this session
Exiting due to channel error.
Exiting due to channel error.
Exiting due to channel error.
1576019650032	mozrunner::runner	INFO	Running command: "/usr/bin/firefox" "-marionette" "user-agent={\'appCodeName\': \'Mozilla\', \'appName\': \'Netscape\', \'appVersion\': \'5.0 (Macintosh; Intel Mac OS X 10_12_1) AppleWebKit/537.36 (KHTML, like Gecko) Chrome/49.0.2629.44 Safari/537.36\', \'platform\': \'MacIntel\', \'userAgent\': \'Mozilla/5.0 (Macintosh; Intel Mac OS X 10_12_1) AppleWebKit/537.36 (KHTML, like Gecko) Chrome/49.0.2629.44 Safari/537.36\', \'oscpu\': \'Intel Mac OS X 10_12_1\', \'product\': \'Gecko\', \'productSub\': \'20030107\', \'vendor\': \'Google Inc.\', \'vendorSub\': \'\', \'buildID\': None}" "-foreground" "-no-remote" "-profile" "/tmp/rust_mozprofileWPsFvy"
1576019650387	addons.webextension.screenshots@mozilla.org	WARN	Loading extension 'screenshots@mozilla.org': Reading manifest: Invalid extension permission: mozillaAddons
1576019650387	addons.webextension.screenshots@mozilla.org	WARN	Loading extension 'screenshots@mozilla.org': Reading manifest: Invalid extension permission: telemetry
1576019650387	addons.webextension.screenshots@mozilla.org	WARN	Loading extension 'screenshots@mozilla.org': Reading manifest: Invalid extension permission: resource://pdf.js/
1576019650387	addons.webextension.screenshots@mozilla.org	WARN	Loading extension 'screenshots@mozilla.org': Reading manifest: Invalid extension permission: about:reader*
JavaScript error: chrome://browser/content/aboutNetError.js, line 272: ReferenceError: RPMGetFormatURLPref is not defined
1576019651741	Marionette	INFO	Listening on port 46461
1576019651838	Marionette	WARN	TLS certificate errors will be ignored for this session
Exiting due to channel error.
Exiting due to channel error.
Exiting due to channel error.
1576019684363	mozrunner::runner	INFO	Running command: "/usr/bin/firefox" "-marionette" "user-agent={\'appCodeName\': \'Mozilla\', \'appName\': \'Netscape\', \'appVersion\': \'5.0 (Macintosh; Intel Mac OS X 10_9_1) AppleWebKit/537.36 (KHTML, like Gecko) Chrome/50.0.2679.85 Safari/537.36\', \'platform\': \'MacIntel\', \'userAgent\': \'Mozilla/5.0 (Macintosh; Intel Mac OS X 10_9_1) AppleWebKit/537.36 (KHTML, like Gecko) Chrome/50.0.2679.85 Safari/537.36\', \'oscpu\': \'Intel Mac OS X 10_9_1\', \'product\': \'Gecko\', \'productSub\': \'20030107\', \'vendor\': \'Google Inc.\', \'vendorSub\': \'\', \'buildID\': None}" "-foreground" "-no-remote" "-profile" "/tmp/rust_mozprofile1jQ9jN"
1576019684735	addons.webextension.screenshots@mozilla.org	WARN	Loading extension 'screenshots@mozilla.org': Reading manifest: Invalid extension permission: mozillaAddons
1576019684735	addons.webextension.screenshots@mozilla.org	WARN	Loading extension 'screenshots@mozilla.org': Reading manifest: Invalid extension permission: telemetry
1576019684735	addons.webextension.screenshots@mozilla.org	WARN	Loading extension 'screenshots@mozilla.org': Reading manifest: Invalid extension permission: resource://pdf.js/
1576019684735	addons.webextension.screenshots@mozilla.org	WARN	Loading extension 'screenshots@mozilla.org': Reading manifest: Invalid extension permission: about:reader*
JavaScript error: chrome://browser/content/aboutNetError.js, line 272: ReferenceError: RPMGetFormatURLPref is not defined
1576019686064	Marionette	INFO	Listening on port 42691
1576019686071	Marionette	WARN	TLS certificate errors will be ignored for this session
Exiting due to channel error.
Exiting due to channel error.
Exiting due to channel error.
1576019735511	mozrunner::runner	INFO	Running command: "/usr/bin/firefox" "-marionette" "user-agent={\'appCodeName\': \'Mozilla\', \'appName\': \'Netscape\', \'appVersion\': \'5.0 (Macintosh)\', \'platform\': \'MacIntel\', \'userAgent\': \'Mozilla/5.0 (Macintosh; Intel Mac OS X 10.9; rv:45.0) Gecko/20100101 Firefox/45.0\', \'oscpu\': \'Intel Mac OS X 10.9\', \'product\': \'Gecko\', \'productSub\': \'20100101\', \'vendor\': \'\', \'vendorSub\': \'\', \'buildID\': \'20160324101228\'}" "-foreground" "-no-remote" "-profile" "/tmp/rust_mozprofile4bYATr"
1576019735868	addons.webextension.screenshots@mozilla.org	WARN	Loading extension 'screenshots@mozilla.org': Reading manifest: Invalid extension permission: mozillaAddons
1576019735868	addons.webextension.screenshots@mozilla.org	WARN	Loading extension 'screenshots@mozilla.org': Reading manifest: Invalid extension permission: telemetry
1576019735868	addons.webextension.screenshots@mozilla.org	WARN	Loading extension 'screenshots@mozilla.org': Reading manifest: Invalid extension permission: resource://pdf.js/
1576019735868	addons.webextension.screenshots@mozilla.org	WARN	Loading extension 'screenshots@mozilla.org': Reading manifest: Invalid extension permission: about:reader*
JavaScript error: chrome://browser/content/aboutNetError.js, line 272: ReferenceError: RPMGetFormatURLPref is not defined
1576019737253	Marionette	INFO	Listening on port 36049
1576019737316	Marionette	WARN	TLS certificate errors will be ignored for this session
Exiting due to channel error.
Exiting due to channel error.
Exiting due to channel error.
1576019780953	mozrunner::runner	INFO	Running command: "/usr/bin/firefox" "-marionette" "user-agent={\'appCodeName\': \'Mozilla\', \'appName\': \'Netscape\', \'appVersion\': \'5.0 (Macintosh)\', \'platform\': \'MacIntel\', \'userAgent\': \'Mozilla/5.0 (Macintosh; Intel Mac OS X 10.10; rv:50.0) Gecko/20100101 Firefox/50.0\', \'oscpu\': \'Intel Mac OS X 10.10\', \'product\': \'Gecko\', \'productSub\': \'20100101\', \'vendor\': \'\', \'vendorSub\': \'\', \'buildID\': \'20161130013939\'}" "-foreground" "-no-remote" "-profile" "/tmp/rust_mozprofileH0iXBP"
1576019781330	addons.webextension.screenshots@mozilla.org	WARN	Loading extension 'screenshots@mozilla.org': Reading manifest: Invalid extension permission: mozillaAddons
1576019781330	addons.webextension.screenshots@mozilla.org	WARN	Loading extension 'screenshots@mozilla.org': Reading manifest: Invalid extension permission: telemetry
1576019781330	addons.webextension.screenshots@mozilla.org	WARN	Loading extension 'screenshots@mozilla.org': Reading manifest: Invalid extension permission: resource://pdf.js/
1576019781330	addons.webextension.screenshots@mozilla.org	WARN	Loading extension 'screenshots@mozilla.org': Reading manifest: Invalid extension permission: about:reader*
JavaScript error: chrome://browser/content/aboutNetError.js, line 272: ReferenceError: RPMGetFormatURLPref is not defined
1576019782710	Marionette	INFO	Listening on port 46217
1576019782758	Marionette	WARN	TLS certificate errors will be ignored for this session
JavaScript error: https://abs.twimg.com/k/en/13.video_player.en.3f52df782d1539fc483a.js, line 17: TypeError: Argument 1 of Node.appendChild is not an object.
Exiting due to channel error.
Exiting due to channel error.
Exiting due to channel error.
1576019889901	mozrunner::runner	INFO	Running command: "/usr/bin/firefox" "-marionette" "user-agent={\'appCodeName\': \'Mozilla\', \'appName\': \'Netscape\', \'appVersion\': \'5.0 (X11)\', \'platform\': \'X11; Linux i686 on x86_64\', \'userAgent\': \'Mozilla/5.0 (X11; Linux i686 on x86_64; rv:48.0) Gecko/20100101 Firefox/48.0\', \'oscpu\': \'Linux i686 on x86_64\', \'product\': \'Gecko\', \'productSub\': \'20100101\', \'vendor\': \'\', \'vendorSub\': \'\', \'buildID\': \'20160816231808\'}" "-foreground" "-no-remote" "-profile" "/tmp/rust_mozprofilest4jal"
1576019890271	addons.webextension.screenshots@mozilla.org	WARN	Loading extension 'screenshots@mozilla.org': Reading manifest: Invalid extension permission: mozillaAddons
1576019890271	addons.webextension.screenshots@mozilla.org	WARN	Loading extension 'screenshots@mozilla.org': Reading manifest: Invalid extension permission: telemetry
1576019890271	addons.webextension.screenshots@mozilla.org	WARN	Loading extension 'screenshots@mozilla.org': Reading manifest: Invalid extension permission: resource://pdf.js/
1576019890271	addons.webextension.screenshots@mozilla.org	WARN	Loading extension 'screenshots@mozilla.org': Reading manifest: Invalid extension permission: about:reader*
JavaScript error: chrome://browser/content/aboutNetError.js, line 272: ReferenceError: RPMGetFormatURLPref is not defined
1576019891642	Marionette	INFO	Listening on port 40547
1576019891705	Marionette	WARN	TLS certificate errors will be ignored for this session
Exiting due to channel error.
Exiting due to channel error.
Exiting due to channel error.
1576019986425	mozrunner::runner	INFO	Running command: "/usr/bin/firefox" "-marionette" "user-agent={\'appCodeName\': \'Mozilla\', \'appName\': \'Netscape\', \'appVersion\': \'5.0 (Macintosh)\', \'platform\': \'MacIntel\', \'userAgent\': \'Mozilla/5.0 (Macintosh; Intel Mac OS X 10.12; rv:47.0) Gecko/20100101 Firefox/47.0\', \'oscpu\': \'Intel Mac OS X 10.12\', \'product\': \'Gecko\', \'productSub\': \'20100101\', \'vendor\': \'\', \'vendorSub\': \'\', \'buildID\': \'20160705221305\'}" "-foreground" "-no-remote" "-profile" "/tmp/rust_mozprofilexsscO9"
1576019986777	addons.webextension.screenshots@mozilla.org	WARN	Loading extension 'screenshots@mozilla.org': Reading manifest: Invalid extension permission: mozillaAddons
1576019986777	addons.webextension.screenshots@mozilla.org	WARN	Loading extension 'screenshots@mozilla.org': Reading manifest: Invalid extension permission: telemetry
1576019986778	addons.webextension.screenshots@mozilla.org	WARN	Loading extension 'screenshots@mozilla.org': Reading manifest: Invalid extension permission: resource://pdf.js/
1576019986778	addons.webextension.screenshots@mozilla.org	WARN	Loading extension 'screenshots@mozilla.org': Reading manifest: Invalid extension permission: about:reader*
JavaScript error: chrome://browser/content/aboutNetError.js, line 272: ReferenceError: RPMGetFormatURLPref is not defined
1576019988074	Marionette	INFO	Listening on port 45319
1576019988129	Marionette	WARN	TLS certificate errors will be ignored for this session
1576020014396	mozrunner::runner	INFO	Running command: "/usr/bin/firefox" "-marionette" "user-agent={\'appCodeName\': \'Mozilla\', \'appName\': \'Netscape\', \'appVersion\': \'5.0 (X11; Linux i686 on x86_64) AppleWebKit/537.36 (KHTML, like Gecko) Chrome/53.0.2814.60 Safari/537.36\', \'platform\': \'X11; Linux i686 on x86_64\', \'userAgent\': \'Mozilla/5.0 (X11; Linux i686 on x86_64) AppleWebKit/537.36 (KHTML, like Gecko) Chrome/53.0.2814.60 Safari/537.36\', \'oscpu\': \'Linux i686 on x86_64\', \'product\': \'Gecko\', \'productSub\': \'20030107\', \'vendor\': \'Google Inc.\', \'vendorSub\': \'\', \'buildID\': None}" "-foreground" "-no-remote" "-profile" "/tmp/rust_mozprofileg3h5EC"
1576020014766	addons.webextension.screenshots@mozilla.org	WARN	Loading extension 'screenshots@mozilla.org': Reading manifest: Invalid extension permission: mozillaAddons
1576020014767	addons.webextension.screenshots@mozilla.org	WARN	Loading extension 'screenshots@mozilla.org': Reading manifest: Invalid extension permission: telemetry
1576020014767	addons.webextension.screenshots@mozilla.org	WARN	Loading extension 'screenshots@mozilla.org': Reading manifest: Invalid extension permission: resource://pdf.js/
1576020014767	addons.webextension.screenshots@mozilla.org	WARN	Loading extension 'screenshots@mozilla.org': Reading manifest: Invalid extension permission: about:reader*
JavaScript error: chrome://browser/content/aboutNetError.js, line 272: ReferenceError: RPMGetFormatURLPref is not defined
1576020016135	Marionette	INFO	Listening on port 46051
1576020016201	Marionette	WARN	TLS certificate errors will be ignored for this session
1576020097131	mozrunner::runner	INFO	Running command: "/usr/bin/firefox" "-marionette" "user-agent={\'appCodeName\': \'Mozilla\', \'appName\': \'Netscape\', \'appVersion\': \'5.0 (X11)\', \'platform\': \'X11; Linux i686\', \'userAgent\': \'Mozilla/5.0 (X11; Linux i686; rv:45.0) Gecko/20100101 Firefox/45.0\', \'oscpu\': \'Linux i686\', \'product\': \'Gecko\', \'productSub\': \'20100101\', \'vendor\': \'\', \'vendorSub\': \'\', \'buildID\': \'20160323133428\'}" "-foreground" "-no-remote" "-profile" "/tmp/rust_mozprofileAM84iH"
1576020097499	addons.webextension.screenshots@mozilla.org	WARN	Loading extension 'screenshots@mozilla.org': Reading manifest: Invalid extension permission: mozillaAddons
1576020097499	addons.webextension.screenshots@mozilla.org	WARN	Loading extension 'screenshots@mozilla.org': Reading manifest: Invalid extension permission: telemetry
1576020097499	addons.webextension.screenshots@mozilla.org	WARN	Loading extension 'screenshots@mozilla.org': Reading manifest: Invalid extension permission: resource://pdf.js/
1576020097499	addons.webextension.screenshots@mozilla.org	WARN	Loading extension 'screenshots@mozilla.org': Reading manifest: Invalid extension permission: about:reader*
JavaScript error: chrome://browser/content/aboutNetError.js, line 272: ReferenceError: RPMGetFormatURLPref is not defined
1576020098815	Marionette	INFO	Listening on port 40803
1576020098835	Marionette	WARN	TLS certificate errors will be ignored for this session
[Child 9966, MediaDecoderStateMachine #1] WARNING: Decoder=7f34c6e11400 Decode error: NS_ERROR_DOM_MEDIA_FATAL_ERR (0x806e0005) - RefPtr<MediaSourceTrackDemuxer::SamplesPromise> mozilla::MediaSourceTrackDemuxer::DoGetSamples(int32_t): manager is detached.: file /build/firefox-AWfb_V/firefox-71.0+build5/dom/media/MediaDecoderStateMachine.cpp, line 3308
[Child 9966, MediaDecoderStateMachine #1] WARNING: Decoder=7f34c6e11400 Decode error: NS_ERROR_DOM_MEDIA_FATAL_ERR (0x806e0005) - RefPtr<MediaSourceTrackDemuxer::SamplesPromise> mozilla::MediaSourceTrackDemuxer::DoGetSamples(int32_t): manager is detached.: file /build/firefox-AWfb_V/firefox-71.0+build5/dom/media/MediaDecoderStateMachine.cpp, line 3308
[Child 9966, MediaDecoderStateMachine #1] WARNING: Decoder=7f34c6e11400 Decode error: NS_ERROR_DOM_MEDIA_FATAL_ERR (0x806e0005) - RefPtr<MediaSourceTrackDemuxer::SamplesPromise> mozilla::MediaSourceTrackDemuxer::DoGetSamples(int32_t): manager is detached.: file /build/firefox-AWfb_V/firefox-71.0+build5/dom/media/MediaDecoderStateMachine.cpp, line 3308
[Child 9966, MediaDecoderStateMachine #1] WARNING: Decoder=7f34c6e11400 Decode error: NS_ERROR_DOM_MEDIA_FATAL_ERR (0x806e0005) - RefPtr<MediaSourceTrackDemuxer::SamplesPromise> mozilla::MediaSourceTrackDemuxer::DoGetSamples(int32_t): manager is detached.: file /build/firefox-AWfb_V/firefox-71.0+build5/dom/media/MediaDecoderStateMachine.cpp, line 3308
1576020441906	mozrunner::runner	INFO	Running command: "/usr/bin/firefox" "-marionette" "user-agent={\'appCodeName\': \'Mozilla\', \'appName\': \'Netscape\', \'appVersion\': \'5.0 (X11; Linux i686) AppleWebKit/537.36 (KHTML, like Gecko) Chrome/52.0.2744.36 Safari/537.36\', \'platform\': \'X11; Linux i686\', \'userAgent\': \'Mozilla/5.0 (X11; Linux i686) AppleWebKit/537.36 (KHTML, like Gecko) Chrome/52.0.2744.36 Safari/537.36\', \'oscpu\': \'Linux i686\', \'product\': \'Gecko\', \'productSub\': \'20030107\', \'vendor\': \'Google Inc.\', \'vendorSub\': \'\', \'buildID\': None}" "-foreground" "-no-remote" "-profile" "/tmp/rust_mozprofileplLhPU"
1576020442291	addons.webextension.screenshots@mozilla.org	WARN	Loading extension 'screenshots@mozilla.org': Reading manifest: Invalid extension permission: mozillaAddons
1576020442292	addons.webextension.screenshots@mozilla.org	WARN	Loading extension 'screenshots@mozilla.org': Reading manifest: Invalid extension permission: telemetry
1576020442292	addons.webextension.screenshots@mozilla.org	WARN	Loading extension 'screenshots@mozilla.org': Reading manifest: Invalid extension permission: resource://pdf.js/
1576020442292	addons.webextension.screenshots@mozilla.org	WARN	Loading extension 'screenshots@mozilla.org': Reading manifest: Invalid extension permission: about:reader*
JavaScript error: chrome://browser/content/aboutNetError.js, line 272: ReferenceError: RPMGetFormatURLPref is not defined
1576020443640	Marionette	INFO	Listening on port 40237
1576020443711	Marionette	WARN	TLS certificate errors will be ignored for this session
[Parent 9877, Gecko_IOThread] WARNING: pipe error (75): Die Verbindung wurde vom Kommunikationspartner zurückgesetzt: file /build/firefox-AWfb_V/firefox-71.0+build5/ipc/chromium/src/chrome/common/ipc_channel_posix.cc, line 358
1576020446414	Marionette	INFO	Stopped listening on port 40803
1576020510984	mozrunner::runner	INFO	Running command: "/usr/bin/firefox" "-marionette" "user-agent={\'appCodeName\': \'Mozilla\', \'appName\': \'Netscape\', \'appVersion\': \'5.0 (Macintosh; Intel Mac OS X 10_11_1) AppleWebKit/537.36 (KHTML, like Gecko) Chrome/53.0.2790.87 Safari/537.36\', \'platform\': \'MacIntel\', \'userAgent\': \'Mozilla/5.0 (Macintosh; Intel Mac OS X 10_11_1) AppleWebKit/537.36 (KHTML, like Gecko) Chrome/53.0.2790.87 Safari/537.36\', \'oscpu\': \'Intel Mac OS X 10_11_1\', \'product\': \'Gecko\', \'productSub\': \'20030107\', \'vendor\': \'Google Inc.\', \'vendorSub\': \'\', \'buildID\': None}" "-foreground" "-no-remote" "-profile" "/tmp/rust_mozprofileuCyOgf"
1576020511374	addons.webextension.screenshots@mozilla.org	WARN	Loading extension 'screenshots@mozilla.org': Reading manifest: Invalid extension permission: mozillaAddons
1576020511374	addons.webextension.screenshots@mozilla.org	WARN	Loading extension 'screenshots@mozilla.org': Reading manifest: Invalid extension permission: telemetry
1576020511375	addons.webextension.screenshots@mozilla.org	WARN	Loading extension 'screenshots@mozilla.org': Reading manifest: Invalid extension permission: resource://pdf.js/
1576020511375	addons.webextension.screenshots@mozilla.org	WARN	Loading extension 'screenshots@mozilla.org': Reading manifest: Invalid extension permission: about:reader*
JavaScript error: chrome://browser/content/aboutNetError.js, line 272: ReferenceError: RPMGetFormatURLPref is not defined
1576020512740	Marionette	INFO	Listening on port 45595
1576020512789	Marionette	WARN	TLS certificate errors will be ignored for this session
[Parent 10328, Gecko_IOThread] WARNING: pipe error (75): Die Verbindung wurde vom Kommunikationspartner zurückgesetzt: file /build/firefox-AWfb_V/firefox-71.0+build5/ipc/chromium/src/chrome/common/ipc_channel_posix.cc, line 358
1576020514492	Marionette	INFO	Stopped listening on port 40237
1576020600965	mozrunner::runner	INFO	Running command: "/usr/bin/firefox" "-marionette" "user-agent={\'appCodeName\': \'Mozilla\', \'appName\': \'Netscape\', \'appVersion\': \'5.0 (Macintosh)\', \'platform\': \'MacIntel\', \'userAgent\': \'Mozilla/5.0 (Macintosh; Intel Mac OS X 10.12; rv:49.0) Gecko/20100101 Firefox/49.0\', \'oscpu\': \'Intel Mac OS X 10.12\', \'product\': \'Gecko\', \'productSub\': \'20100101\', \'vendor\': \'\', \'vendorSub\': \'\', \'buildID\': \'20161105021931\'}" "-foreground" "-no-remote" "-profile" "/tmp/rust_mozprofileTPJNr0"
1576020601329	addons.webextension.screenshots@mozilla.org	WARN	Loading extension 'screenshots@mozilla.org': Reading manifest: Invalid extension permission: mozillaAddons
1576020601329	addons.webextension.screenshots@mozilla.org	WARN	Loading extension 'screenshots@mozilla.org': Reading manifest: Invalid extension permission: telemetry
1576020601329	addons.webextension.screenshots@mozilla.org	WARN	Loading extension 'screenshots@mozilla.org': Reading manifest: Invalid extension permission: resource://pdf.js/
1576020601329	addons.webextension.screenshots@mozilla.org	WARN	Loading extension 'screenshots@mozilla.org': Reading manifest: Invalid extension permission: about:reader*
JavaScript error: chrome://browser/content/aboutNetError.js, line 272: ReferenceError: RPMGetFormatURLPref is not defined
1576020602728	Marionette	INFO	Listening on port 40275
1576020602771	Marionette	WARN	TLS certificate errors will be ignored for this session
1576020737538	mozrunner::runner	INFO	Running command: "/usr/bin/firefox" "-marionette" "user-agent={\'appCodeName\': \'Mozilla\', \'appName\': \'Netscape\', \'appVersion\': \'5.0 (X11; Ubuntu; Linux x86_64) AppleWebKit/537.36 (KHTML, like Gecko) Chrome/55.0.2913.82 Safari/537.36\', \'platform\': \'X11; Ubuntu; Linux x86_64\', \'userAgent\': \'Mozilla/5.0 (X11; Ubuntu; Linux x86_64) AppleWebKit/537.36 (KHTML, like Gecko) Chrome/55.0.2913.82 Safari/537.36\', \'oscpu\': \'Linux x86_64\', \'product\': \'Gecko\', \'productSub\': \'20030107\', \'vendor\': \'Google Inc.\', \'vendorSub\': \'\', \'buildID\': None}" "-foreground" "-no-remote" "-profile" "/tmp/rust_mozprofile2taUaP"
1576020737925	addons.webextension.screenshots@mozilla.org	WARN	Loading extension 'screenshots@mozilla.org': Reading manifest: Invalid extension permission: mozillaAddons
1576020737925	addons.webextension.screenshots@mozilla.org	WARN	Loading extension 'screenshots@mozilla.org': Reading manifest: Invalid extension permission: telemetry
1576020737925	addons.webextension.screenshots@mozilla.org	WARN	Loading extension 'screenshots@mozilla.org': Reading manifest: Invalid extension permission: resource://pdf.js/
1576020737925	addons.webextension.screenshots@mozilla.org	WARN	Loading extension 'screenshots@mozilla.org': Reading manifest: Invalid extension permission: about:reader*
JavaScript error: chrome://browser/content/aboutNetError.js, line 272: ReferenceError: RPMGetFormatURLPref is not defined
1576020739321	Marionette	INFO	Listening on port 39623
1576020739342	Marionette	WARN	TLS certificate errors will be ignored for this session
1576020757429	mozrunner::runner	INFO	Running command: "/usr/bin/firefox" "-marionette" "user-agent={\'appCodeName\': \'Mozilla\', \'appName\': \'Netscape\', \'appVersion\': \'5.0 (X11)\', \'platform\': \'X11; Linux x86_64\', \'userAgent\': \'Mozilla/5.0 (X11; Linux x86_64; rv:51.0) Gecko/20100101 Firefox/51.0\', \'oscpu\': \'Linux x86_64\', \'product\': \'Gecko\', \'productSub\': \'20100101\', \'vendor\': \'\', \'vendorSub\': \'\', \'buildID\': \'20170124063033\'}" "-foreground" "-no-remote" "-profile" "/tmp/rust_mozprofilePMG1Wv"
1576020757813	addons.webextension.screenshots@mozilla.org	WARN	Loading extension 'screenshots@mozilla.org': Reading manifest: Invalid extension permission: mozillaAddons
1576020757813	addons.webextension.screenshots@mozilla.org	WARN	Loading extension 'screenshots@mozilla.org': Reading manifest: Invalid extension permission: telemetry
1576020757813	addons.webextension.screenshots@mozilla.org	WARN	Loading extension 'screenshots@mozilla.org': Reading manifest: Invalid extension permission: resource://pdf.js/
1576020757813	addons.webextension.screenshots@mozilla.org	WARN	Loading extension 'screenshots@mozilla.org': Reading manifest: Invalid extension permission: about:reader*
JavaScript error: chrome://browser/content/aboutNetError.js, line 272: ReferenceError: RPMGetFormatURLPref is not defined
1576020759231	Marionette	INFO	Listening on port 35425
1576020759236	Marionette	WARN	TLS certificate errors will be ignored for this session
1576020773712	Marionette	INFO	Stopped listening on port 35425
[Parent 10913, Gecko_IOThread] WARNING: pipe error (75): Die Verbindung wurde vom Kommunikationspartner zurückgesetzt: file /build/firefox-AWfb_V/firefox-71.0+build5/ipc/chromium/src/chrome/common/ipc_channel_posix.cc, line 358
1576020826844	Marionette	INFO	Stopped listening on port 40275
[Parent 11211, Gecko_IOThread] WARNING: pipe error (75): Die Verbindung wurde vom Kommunikationspartner zurückgesetzt: file /build/firefox-AWfb_V/firefox-71.0+build5/ipc/chromium/src/chrome/common/ipc_channel_posix.cc, line 358
1576020829286	Marionette	INFO	Stopped listening on port 39623
[Parent 10623, Gecko_IOThread] WARNING: pipe error (75): Die Verbindung wurde vom Kommunikationspartner zurückgesetzt: file /build/firefox-AWfb_V/firefox-71.0+build5/ipc/chromium/src/chrome/common/ipc_channel_posix.cc, line 358
1576020831815	Marionette	INFO	Stopped listening on port 45595
[Parent 9595, Gecko_IOThread] WARNING: pipe error (92): Die Verbindung wurde vom Kommunikationspartner zurückgesetzt: file /build/firefox-AWfb_V/firefox-71.0+build5/ipc/chromium/src/chrome/common/ipc_channel_posix.cc, line 358
1576020834882	Marionette	INFO	Stopped listening on port 46051
[Parent 9356, Gecko_IOThread] WARNING: pipe error (75): Die Verbindung wurde vom Kommunikationspartner zurückgesetzt: file /build/firefox-AWfb_V/firefox-71.0+build5/ipc/chromium/src/chrome/common/ipc_channel_posix.cc, line 358
1576020837544	Marionette	INFO	Stopped listening on port 45319
[Parent 6626, Gecko_IOThread] WARNING: pipe error (75): Die Verbindung wurde vom Kommunikationspartner zurückgesetzt: file /build/firefox-AWfb_V/firefox-71.0+build5/ipc/chromium/src/chrome/common/ipc_channel_posix.cc, line 358
1576020839763	Marionette	INFO	Stopped listening on port 37067
[Parent 6315, Gecko_IOThread] WARNING: pipe error (75): Die Verbindung wurde vom Kommunikationspartner zurückgesetzt: file /build/firefox-AWfb_V/firefox-71.0+build5/ipc/chromium/src/chrome/common/ipc_channel_posix.cc, line 358
1576020842039	Marionette	INFO	Stopped listening on port 41795
